#0 building with "desktop-linux" instance using docker driver

#1 [internal] load build definition from Dockerfile
#1 transferring dockerfile: 2.78kB done
#1 DONE 0.0s

#2 [internal] load metadata for docker.io/mambaorg/micromamba:1.5.8
#2 DONE 1.4s

#3 [internal] load .dockerignore
#3 transferring context: 233B done
#3 DONE 0.0s

#4 [1/7] FROM docker.io/mambaorg/micromamba:1.5.8@sha256:475730daef12ff9c0733e70092aeeefdf4c373a584c952dac3f7bdb739601990
#4 DONE 0.0s

#5 [internal] load build context
#5 transferring context: 265B done
#5 DONE 0.0s

#6 [4/7] RUN micromamba install -y -n base -f /tmp/environment.yml     && micromamba clean --all --yes
#6 CACHED

#7 [5/7] WORKDIR /home/mambauser/work
#7 CACHED

#8 [2/7] RUN apt-get update && apt-get install -y --no-install-recommends         libgl1         libglib2.0-0         libsm6         libxext6         libxrender1         git         tini         ca-certificates     && rm -rf /var/lib/apt/lists/*
#8 CACHED

#9 [3/7] COPY --chown=mambauser:mambauser env/environment.yml /tmp/environment.yml
#9 CACHED

#10 [6/7] COPY --chown=mambauser:mambauser notebooks/ ./notebooks/
#10 CACHED

#11 [7/7] RUN micromamba run -n base python notebooks/00_check_environment.py
#11 4.210 Python 3.11.15 at /opt/conda/bin/python
#11 4.210 
#11 4.210 Required packages:
#11 4.210   [ ok  ] NumPy 2.4.6
#11 4.210   [ ok  ] SciPy 1.15.3
#11 4.210   [ ok  ] pandas 3.0.3
#11 4.210   [ ok  ] Matplotlib 3.10.9
#11 4.210   [ ok  ] scikit-image 0.26.0
#11 4.210   [ ok  ] OpenCV 4.13.0
#11 4.210   [ ok  ] scikit-learn 1.9.0
#11 4.210   [ ok  ] PlantCV unknown
#11 4.210   [ ok  ] PyTorch 2.12.0+cu130
#11 4.210   [ ok  ] torchvision 0.27.0+cu130
#11 4.210 Creating new Ultralytics Settings v0.0.6 file ✅ 
#11 4.210 View Ultralytics Settings with 'yolo settings' or at '/home/mambauser/.config/Ultralytics/settings.json'
#11 4.210 Update Settings with 'yolo settings key=value', i.e. 'yolo settings runs_dir=path/to/dir'. For help see https://docs.ultralytics.com/quickstart/#ultralytics-settings.
#11 4.997   [ ok  ] Ultralytics (YOLO) 8.4.66
#11 4.997   [ ok  ] Open3D 0.18.0
#11 4.997 
#11 4.997 Optional packages:
#11 4.997   [ ok  ] napari 0.6.1
#11 4.997   [ ok  ] Segment Anything (SAM) unknown
#11 4.997   [ ok  ] seaborn 0.13.2
#11 4.997 
#11 4.997 GPU check:
#11 4.997   [ info] No GPU detected — CPU is fine for Days 1-3; use Google Colab for the Day-4 deep-learning practical.
#11 4.997 
#11 4.997 All required packages imported successfully. You're ready for Day 1.
#11 DONE 6.0s

#12 exporting to image
#12 exporting layers
#12 exporting layers 40.3s done
#12 writing image sha256:3e6564af21c81fee2c5c1749ecc8e980854573843318c176e529a892846f65cf
#12 writing image sha256:3e6564af21c81fee2c5c1749ecc8e980854573843318c176e529a892846f65cf done
#12 naming to docker.io/library/phenotyping-training done
#12 DONE 40.4s

View build details: docker-desktop://dashboard/build/desktop-linux/desktop-linux/q0nyajsj2izfytwhqilwgvidc
